[ 2018-10-09T08:03:14+08:00 ] 127.0.0.1 /favicon.ico
INFO: [ app_init ] --START--
INFO: Run Behavior\BuildLiteBehavior [ RunTime:0.000008s ]
INFO: [ app_init ] --END-- [ RunTime:0.000331s ]
ERR: 无法加载模块:Favicon

[ 2018-10-09T08:08:25+08:00 ] 127.0.0.1 /index.php/View/Index/home
INFO: [ app_init ] --START--
INFO: Run Behavior\BuildLiteBehavior [ RunTime:0.000007s ]
INFO: [ app_init ] --END-- [ RunTime:0.000379s ]
ERR: 无法加载模块:View

[ 2018-10-09T08:08:37+08:00 ] 127.0.0.1 /index.php/Index/home
INFO: [ app_init ] --START--
INFO: Run Behavior\BuildLiteBehavior [ RunTime:0.000005s ]
INFO: [ app_init ] --END-- [ RunTime:0.000259s ]
ERR: 无法加载模块:Index

[ 2018-10-09T08:08:38+08:00 ] 127.0.0.1 /index.php/Index/home
INFO: [ app_init ] --START--
INFO: Run Behavior\BuildLiteBehavior [ RunTime:0.000006s ]
INFO: [ app_init ] --END-- [ RunTime:0.000338s ]
ERR: 无法加载模块:Index

[ 2018-10-09T08:09:04+08:00 ] 127.0.0.1 /index.php/Application/Admin/View/Index/home.html
INFO: [ app_init ] --START--
INFO: Run Behavior\BuildLiteBehavior [ RunTime:0.000007s ]
INFO: [ app_init ] --END-- [ RunTime:0.000353s ]
ERR: 无法加载模块:Application

[ 2018-10-09T08:09:05+08:00 ] 127.0.0.1 /index.php/Application/Admin/View/Index/home.html
INFO: [ app_init ] --START--
INFO: Run Behavior\BuildLiteBehavior [ RunTime:0.000006s ]
INFO: [ app_init ] --END-- [ RunTime:0.000370s ]
ERR: 无法加载模块:Application

[ 2018-10-09T08:09:06+08:00 ] 127.0.0.1 /index.php/Application/Admin/View/Index/home.html
INFO: [ app_init ] --START--
INFO: Run Behavior\BuildLiteBehavior [ RunTime:0.000052s ]
INFO: [ app_init ] --END-- [ RunTime:0.001244s ]
ERR: 无法加载模块:Application

[ 2018-10-09T08:14:14+08:00 ] 127.0.0.1 /index.php/login.html
INFO: [ app_init ] --START--
INFO: Run Behavior\BuildLiteBehavior [ RunTime:0.000005s ]
INFO: [ app_init ] --END-- [ RunTime:0.000252s ]
ERR: 无法加载模块:Login

[ 2018-10-09T08:18:11+08:00 ] 127.0.0.1 /index.php/Application/Admin/View/Public/login.html
INFO: [ app_init ] --START--
INFO: Run Behavior\BuildLiteBehavior [ RunTime:0.000017s ]
INFO: [ app_init ] --END-- [ RunTime:0.000311s ]
ERR: 无法加载模块:Application

[ 2018-10-09T08:19:20+08:00 ] 127.0.0.1 /Application/Admin/View/Public/__ADMIN__/css/base.css
INFO: [ app_init ] --START--
INFO: Run Behavior\BuildLiteBehavior [ RunTime:0.000004s ]
INFO: [ app_init ] --END-- [ RunTime:0.000271s ]
ERR: 无法加载模块:Application

[ 2018-10-09T08:19:20+08:00 ] 127.0.0.1 /Application/Admin/View/Public/__ADMIN__/css/login.css
INFO: [ app_init ] --START--
INFO: Run Behavior\BuildLiteBehavior [ RunTime:0.000007s ]
INFO: [ app_init ] --END-- [ RunTime:0.000337s ]
ERR: 无法加载模块:Application

[ 2018-10-09T08:19:20+08:00 ] 127.0.0.1 /Application/Admin/View/Public/__ADMIN__/js/jquery.js
INFO: [ app_init ] --START--
INFO: Run Behavior\BuildLiteBehavior [ RunTime:0.000006s ]
INFO: [ app_init ] --END-- [ RunTime:0.000312s ]
ERR: 无法加载模块:Application

[ 2018-10-09T08:19:20+08:00 ] 127.0.0.1 /Application/Admin/View/Public/__ADMIN__/js/common.js
INFO: [ app_init ] --START--
INFO: Run Behavior\BuildLiteBehavior [ RunTime:0.000007s ]
INFO: [ app_init ] --END-- [ RunTime:0.000340s ]
ERR: 无法加载模块:Application

[ 2018-10-09T08:19:20+08:00 ] 127.0.0.1 /Application/Admin/View/Public/__ADMIN__/js/jquery.js
INFO: [ app_init ] --START--
INFO: Run Behavior\BuildLiteBehavior [ RunTime:0.000010s ]
INFO: [ app_init ] --END-- [ RunTime:0.000315s ]
ERR: 无法加载模块:Application

[ 2018-10-09T08:19:20+08:00 ] 127.0.0.1 /Application/Admin/View/Public/__ADMIN__/js/common.js
INFO: [ app_init ] --START--
INFO: Run Behavior\BuildLiteBehavior [ RunTime:0.000006s ]
INFO: [ app_init ] --END-- [ RunTime:0.000264s ]
ERR: 无法加载模块:Application

[ 2018-10-09T08:19:24+08:00 ] 127.0.0.1 /Application/Admin/View/Public/__ADMIN__/css/login.css
INFO: [ app_init ] --START--
INFO: Run Behavior\BuildLiteBehavior [ RunTime:0.000008s ]
INFO: [ app_init ] --END-- [ RunTime:0.000297s ]
ERR: 无法加载模块:Application

[ 2018-10-09T08:19:24+08:00 ] 127.0.0.1 /Application/Admin/View/Public/__ADMIN__/js/jquery.js
INFO: [ app_init ] --START--
INFO: Run Behavior\BuildLiteBehavior [ RunTime:0.000005s ]
INFO: [ app_init ] --END-- [ RunTime:0.000270s ]
ERR: 无法加载模块:Application

[ 2018-10-09T08:19:24+08:00 ] 127.0.0.1 /Application/Admin/View/Public/__ADMIN__/js/common.js
INFO: [ app_init ] --START--
INFO: Run Behavior\BuildLiteBehavior [ RunTime:0.000006s ]
INFO: [ app_init ] --END-- [ RunTime:0.000278s ]
ERR: 无法加载模块:Application

[ 2018-10-09T08:19:24+08:00 ] 127.0.0.1 /Application/Admin/View/Public/__ADMIN__/css/base.css
INFO: [ app_init ] --START--
INFO: Run Behavior\BuildLiteBehavior [ RunTime:0.000010s ]
INFO: [ app_init ] --END-- [ RunTime:0.000744s ]
ERR: 无法加载模块:Application

[ 2018-10-09T08:19:25+08:00 ] 127.0.0.1 /Application/Admin/View/Public/__ADMIN__/js/jquery.js
INFO: [ app_init ] --START--
INFO: Run Behavior\BuildLiteBehavior [ RunTime:0.000010s ]
INFO: [ app_init ] --END-- [ RunTime:0.000413s ]
ERR: 无法加载模块:Application

[ 2018-10-09T08:19:25+08:00 ] 127.0.0.1 /Application/Admin/View/Public/__ADMIN__/js/common.js
INFO: [ app_init ] --START--
INFO: Run Behavior\BuildLiteBehavior [ RunTime:0.000005s ]
INFO: [ app_init ] --END-- [ RunTime:0.000263s ]
ERR: 无法加载模块:Application

[ 2018-10-09T08:19:25+08:00 ] 127.0.0.1 /Application/Admin/View/Public/__ADMIN__/css/base.css
INFO: [ app_init ] --START--
INFO: Run Behavior\BuildLiteBehavior [ RunTime:0.000005s ]
INFO: [ app_init ] --END-- [ RunTime:0.000303s ]
ERR: 无法加载模块:Application

[ 2018-10-09T08:19:25+08:00 ] 127.0.0.1 /Application/Admin/View/Public/__ADMIN__/css/login.css
INFO: [ app_init ] --START--
INFO: Run Behavior\BuildLiteBehavior [ RunTime:0.000006s ]
INFO: [ app_init ] --END-- [ RunTime:0.000284s ]
ERR: 无法加载模块:Application

[ 2018-10-09T08:19:25+08:00 ] 127.0.0.1 /Application/Admin/View/Public/__ADMIN__/js/jquery.js
INFO: [ app_init ] --START--
INFO: Run Behavior\BuildLiteBehavior [ RunTime:0.000006s ]
INFO: [ app_init ] --END-- [ RunTime:0.000276s ]
ERR: 无法加载模块:Application

[ 2018-10-09T08:19:25+08:00 ] 127.0.0.1 /Application/Admin/View/Public/__ADMIN__/js/common.js
INFO: [ app_init ] --START--
INFO: Run Behavior\BuildLiteBehavior [ RunTime:0.000008s ]
INFO: [ app_init ] --END-- [ RunTime:0.000367s ]
ERR: 无法加载模块:Application

[ 2018-10-09T08:19:25+08:00 ] 127.0.0.1 /Application/Admin/View/Public/__ADMIN__/js/jquery.js
INFO: [ app_init ] --START--
INFO: Run Behavior\BuildLiteBehavior [ RunTime:0.000008s ]
INFO: [ app_init ] --END-- [ RunTime:0.000325s ]
ERR: 无法加载模块:Application

[ 2018-10-09T08:19:25+08:00 ] 127.0.0.1 /Application/Admin/View/Public/__ADMIN__/js/common.js
INFO: [ app_init ] --START--
INFO: Run Behavior\BuildLiteBehavior [ RunTime:0.000005s ]
INFO: [ app_init ] --END-- [ RunTime:0.000253s ]
ERR: 无法加载模块:Application

[ 2018-10-09T08:19:25+08:00 ] 127.0.0.1 /Application/Admin/View/Public/__ADMIN__/css/base.css
INFO: [ app_init ] --START--
INFO: Run Behavior\BuildLiteBehavior [ RunTime:0.000009s ]
INFO: [ app_init ] --END-- [ RunTime:0.000318s ]
ERR: 无法加载模块:Application

[ 2018-10-09T08:19:25+08:00 ] 127.0.0.1 /Application/Admin/View/Public/__ADMIN__/js/jquery.js
INFO: [ app_init ] --START--
INFO: Run Behavior\BuildLiteBehavior [ RunTime:0.000005s ]
INFO: [ app_init ] --END-- [ RunTime:0.000273s ]
ERR: 无法加载模块:Application

[ 2018-10-09T08:19:25+08:00 ] 127.0.0.1 /Application/Admin/View/Public/__ADMIN__/js/common.js
INFO: [ app_init ] --START--
INFO: Run Behavior\BuildLiteBehavior [ RunTime:0.000005s ]
INFO: [ app_init ] --END-- [ RunTime:0.000273s ]
ERR: 无法加载模块:Application

[ 2018-10-09T08:19:25+08:00 ] 127.0.0.1 /Application/Admin/View/Public/__ADMIN__/css/login.css
INFO: [ app_init ] --START--
INFO: Run Behavior\BuildLiteBehavior [ RunTime:0.000010s ]
INFO: [ app_init ] --END-- [ RunTime:0.000770s ]
ERR: 无法加载模块:Application

[ 2018-10-09T08:19:25+08:00 ] 127.0.0.1 /Application/Admin/View/Public/__ADMIN__/js/jquery.js
INFO: [ app_init ] --START--
INFO: Run Behavior\BuildLiteBehavior [ RunTime:0.000013s ]
INFO: [ app_init ] --END-- [ RunTime:0.000599s ]
ERR: 无法加载模块:Application

[ 2018-10-09T08:19:25+08:00 ] 127.0.0.1 /Application/Admin/View/Public/__ADMIN__/js/common.js
INFO: [ app_init ] --START--
INFO: Run Behavior\BuildLiteBehavior [ RunTime:0.000005s ]
INFO: [ app_init ] --END-- [ RunTime:0.000258s ]
ERR: 无法加载模块:Application

[ 2018-10-09T08:19:26+08:00 ] 127.0.0.1 /Application/Admin/View/Public/__ADMIN__/css/login.css
INFO: [ app_init ] --START--
INFO: Run Behavior\BuildLiteBehavior [ RunTime:0.000006s ]
INFO: [ app_init ] --END-- [ RunTime:0.000289s ]
ERR: 无法加载模块:Application

[ 2018-10-09T08:19:26+08:00 ] 127.0.0.1 /Application/Admin/View/Public/__ADMIN__/css/base.css
INFO: [ app_init ] --START--
INFO: Run Behavior\BuildLiteBehavior [ RunTime:0.000004s ]
INFO: [ app_init ] --END-- [ RunTime:0.000259s ]
ERR: 无法加载模块:Application

[ 2018-10-09T08:19:26+08:00 ] 127.0.0.1 /Application/Admin/View/Public/__ADMIN__/js/common.js
INFO: [ app_init ] --START--
INFO: Run Behavior\BuildLiteBehavior [ RunTime:0.000005s ]
INFO: [ app_init ] --END-- [ RunTime:0.000273s ]
ERR: 无法加载模块:Application

[ 2018-10-09T08:19:26+08:00 ] 127.0.0.1 /Application/Admin/View/Public/__ADMIN__/js/jquery.js
INFO: [ app_init ] --START--
INFO: Run Behavior\BuildLiteBehavior [ RunTime:0.000005s ]
INFO: [ app_init ] --END-- [ RunTime:0.000283s ]
ERR: 无法加载模块:Application

[ 2018-10-09T08:19:26+08:00 ] 127.0.0.1 /Application/Admin/View/Public/__ADMIN__/js/jquery.js
INFO: [ app_init ] --START--
INFO: Run Behavior\BuildLiteBehavior [ RunTime:0.000009s ]
INFO: [ app_init ] --END-- [ RunTime:0.000334s ]
ERR: 无法加载模块:Application

[ 2018-10-09T08:19:26+08:00 ] 127.0.0.1 /Application/Admin/View/Public/__ADMIN__/js/common.js
INFO: [ app_init ] --START--
INFO: Run Behavior\BuildLiteBehavior [ RunTime:0.000005s ]
INFO: [ app_init ] --END-- [ RunTime:0.000271s ]
ERR: 无法加载模块:Application

[ 2018-10-09T11:02:49+08:00 ] 127.0.0.1 /index.php/info-reg.html
ERR: 无法加载模块:Info-reg

[ 2018-10-09T11:02:52+08:00 ] 127.0.0.1 /index.php/NAN
ERR: 无法加载模块:NAN

[ 2018-10-09T11:02:53+08:00 ] 127.0.0.1 /index.php/info-mgt.html
ERR: 无法加载模块:Info-mgt

[ 2018-10-09T11:02:54+08:00 ] 127.0.0.1 /index.php/NAN
ERR: 无法加载模块:NAN

[ 2018-10-09T11:02:55+08:00 ] 127.0.0.1 /index.php/info-mgt.html
ERR: 无法加载模块:Info-mgt

[ 2018-10-09T11:02:56+08:00 ] 127.0.0.1 /index.php/NAN
ERR: 无法加载模块:NAN

[ 2018-10-09T11:02:57+08:00 ] 127.0.0.1 /index.php/info-mgt.html
ERR: 无法加载模块:Info-mgt

[ 2018-10-09T11:02:57+08:00 ] 127.0.0.1 /index.php/NAN
ERR: 无法加载模块:NAN

[ 2018-10-09T11:03:56+08:00 ] 127.0.0.1 /index.php/NAN
ERR: 无法加载模块:NAN

[ 2018-10-09T11:03:57+08:00 ] 127.0.0.1 /index.php/info-mgt.html
ERR: 无法加载模块:Info-mgt

[ 2018-10-09T11:03:57+08:00 ] 127.0.0.1 /index.php/info-mgt.html
ERR: 无法加载模块:Info-mgt

[ 2018-10-09T11:03:58+08:00 ] 127.0.0.1 /index.php/NAN
ERR: 无法加载模块:NAN

[ 2018-10-09T11:03:59+08:00 ] 127.0.0.1 /index.php/info-mgt.html
ERR: 无法加载模块:Info-mgt

